mode: set
github.com/mornyx/landing-log-parser/logparser.go:30.35,31.11 1 1
github.com/mornyx/landing-log-parser/logparser.go:32.21,33.17 1 1
github.com/mornyx/landing-log-parser/logparser.go:34.20,35.16 1 1
github.com/mornyx/landing-log-parser/logparser.go:36.20,37.16 1 1
github.com/mornyx/landing-log-parser/logparser.go:38.21,39.17 1 1
github.com/mornyx/landing-log-parser/logparser.go:40.21,41.17 1 1
github.com/mornyx/landing-log-parser/logparser.go:42.10,43.37 1 1
github.com/mornyx/landing-log-parser/logparser.go:49.51,50.28 1 1
github.com/mornyx/landing-log-parser/logparser.go:51.15,52.28 1 1
github.com/mornyx/landing-log-parser/logparser.go:53.14,54.27 1 1
github.com/mornyx/landing-log-parser/logparser.go:55.14,56.27 1 1
github.com/mornyx/landing-log-parser/logparser.go:57.15,58.28 1 1
github.com/mornyx/landing-log-parser/logparser.go:59.15,60.28 1 1
github.com/mornyx/landing-log-parser/logparser.go:61.10,62.73 1 1
github.com/mornyx/landing-log-parser/logparser.go:88.52,90.2 1 1
github.com/mornyx/landing-log-parser/logparser.go:93.53,95.2 1 1
github.com/mornyx/landing-log-parser/logparser.go:99.56,102.6 3 1
github.com/mornyx/landing-log-parser/logparser.go:112.2,112.21 1 1
github.com/mornyx/landing-log-parser/logparser.go:102.6,104.17 2 1
github.com/mornyx/landing-log-parser/logparser.go:107.3,107.19 1 1
github.com/mornyx/landing-log-parser/logparser.go:110.3,110.35 1 1
github.com/mornyx/landing-log-parser/logparser.go:104.17,106.4 1 0
github.com/mornyx/landing-log-parser/logparser.go:107.19,108.9 1 1
github.com/mornyx/landing-log-parser/logparser.go:126.49,131.2 1 1
github.com/mornyx/landing-log-parser/logparser.go:136.55,138.41 1 1
github.com/mornyx/landing-log-parser/logparser.go:145.2,145.40 1 1
github.com/mornyx/landing-log-parser/logparser.go:149.2,150.16 2 1
github.com/mornyx/landing-log-parser/logparser.go:154.2,154.40 1 1
github.com/mornyx/landing-log-parser/logparser.go:158.2,159.16 2 1
github.com/mornyx/landing-log-parser/logparser.go:163.2,163.40 1 1
github.com/mornyx/landing-log-parser/logparser.go:167.2,168.16 2 1
github.com/mornyx/landing-log-parser/logparser.go:172.2,172.40 1 1
github.com/mornyx/landing-log-parser/logparser.go:176.2,177.16 2 1
github.com/mornyx/landing-log-parser/logparser.go:181.2,182.16 2 1
github.com/mornyx/landing-log-parser/logparser.go:186.2,186.57 1 1
github.com/mornyx/landing-log-parser/logparser.go:189.2,198.8 1 1
github.com/mornyx/landing-log-parser/logparser.go:138.41,139.20 1 1
github.com/mornyx/landing-log-parser/logparser.go:142.3,142.29 1 0
github.com/mornyx/landing-log-parser/logparser.go:139.20,141.4 1 1
github.com/mornyx/landing-log-parser/logparser.go:145.40,147.3 1 0
github.com/mornyx/landing-log-parser/logparser.go:150.16,152.3 1 0
github.com/mornyx/landing-log-parser/logparser.go:154.40,156.3 1 0
github.com/mornyx/landing-log-parser/logparser.go:159.16,161.3 1 0
github.com/mornyx/landing-log-parser/logparser.go:163.40,165.3 1 0
github.com/mornyx/landing-log-parser/logparser.go:168.16,170.3 1 0
github.com/mornyx/landing-log-parser/logparser.go:172.40,174.3 1 0
github.com/mornyx/landing-log-parser/logparser.go:177.16,179.3 1 0
github.com/mornyx/landing-log-parser/logparser.go:182.16,184.3 1 0
github.com/mornyx/landing-log-parser/logparser.go:186.57,188.3 1 0
github.com/mornyx/landing-log-parser/logparser.go:201.51,203.2 1 0
github.com/mornyx/landing-log-parser/logparser.go:205.52,207.16 2 1
github.com/mornyx/landing-log-parser/logparser.go:210.2,210.17 1 1
github.com/mornyx/landing-log-parser/logparser.go:213.2,213.12 1 1
github.com/mornyx/landing-log-parser/logparser.go:207.16,209.3 1 0
github.com/mornyx/landing-log-parser/logparser.go:210.17,212.3 1 1
github.com/mornyx/landing-log-parser/logparser.go:216.50,217.6 1 1
github.com/mornyx/landing-log-parser/logparser.go:217.6,219.17 2 1
github.com/mornyx/landing-log-parser/logparser.go:222.3,222.16 1 1
github.com/mornyx/landing-log-parser/logparser.go:219.17,221.4 1 1
github.com/mornyx/landing-log-parser/logparser.go:222.16,224.4 1 1
github.com/mornyx/landing-log-parser/logparser.go:228.45,229.6 1 1
github.com/mornyx/landing-log-parser/logparser.go:229.6,231.17 2 1
github.com/mornyx/landing-log-parser/logparser.go:234.3,234.16 1 1
github.com/mornyx/landing-log-parser/logparser.go:243.3,243.16 1 1
github.com/mornyx/landing-log-parser/logparser.go:246.3,246.11 1 1
github.com/mornyx/landing-log-parser/logparser.go:231.17,233.4 1 1
github.com/mornyx/landing-log-parser/logparser.go:234.16,236.18 2 1
github.com/mornyx/landing-log-parser/logparser.go:239.4,239.17 1 1
github.com/mornyx/landing-log-parser/logparser.go:236.18,238.5 1 0
github.com/mornyx/landing-log-parser/logparser.go:239.17,241.5 1 0
github.com/mornyx/landing-log-parser/logparser.go:243.16,245.4 1 1
github.com/mornyx/landing-log-parser/logparser.go:250.59,251.40 1 1
github.com/mornyx/landing-log-parser/logparser.go:254.2,255.6 2 1
github.com/mornyx/landing-log-parser/logparser.go:272.2,272.80 1 1
github.com/mornyx/landing-log-parser/logparser.go:251.40,253.3 1 0
github.com/mornyx/landing-log-parser/logparser.go:255.6,257.17 2 1
github.com/mornyx/landing-log-parser/logparser.go:260.3,260.15 1 1
github.com/mornyx/landing-log-parser/logparser.go:263.3,263.28 1 1
github.com/mornyx/landing-log-parser/logparser.go:266.3,266.30 1 1
github.com/mornyx/landing-log-parser/logparser.go:269.3,270.6 2 1
github.com/mornyx/landing-log-parser/logparser.go:257.17,259.4 1 0
github.com/mornyx/landing-log-parser/logparser.go:260.15,261.9 1 1
github.com/mornyx/landing-log-parser/logparser.go:263.28,265.4 1 0
github.com/mornyx/landing-log-parser/logparser.go:266.30,268.4 1 0
github.com/mornyx/landing-log-parser/logparser.go:275.58,276.40 1 1
github.com/mornyx/landing-log-parser/logparser.go:279.2,280.6 2 1
github.com/mornyx/landing-log-parser/logparser.go:297.2,297.49 1 1
github.com/mornyx/landing-log-parser/logparser.go:276.40,278.3 1 0
github.com/mornyx/landing-log-parser/logparser.go:280.6,282.17 2 1
github.com/mornyx/landing-log-parser/logparser.go:285.3,285.15 1 1
github.com/mornyx/landing-log-parser/logparser.go:288.3,288.28 1 1
github.com/mornyx/landing-log-parser/logparser.go:291.3,291.27 1 1
github.com/mornyx/landing-log-parser/logparser.go:294.3,295.6 2 1
github.com/mornyx/landing-log-parser/logparser.go:282.17,284.4 1 0
github.com/mornyx/landing-log-parser/logparser.go:285.15,286.9 1 1
github.com/mornyx/landing-log-parser/logparser.go:288.28,290.4 1 0
github.com/mornyx/landing-log-parser/logparser.go:291.27,293.4 1 0
github.com/mornyx/landing-log-parser/logparser.go:300.61,301.40 1 1
github.com/mornyx/landing-log-parser/logparser.go:304.2,305.16 2 1
github.com/mornyx/landing-log-parser/logparser.go:308.2,308.14 1 1
github.com/mornyx/landing-log-parser/logparser.go:329.2,330.6 2 1
github.com/mornyx/landing-log-parser/logparser.go:343.2,343.6 1 1
github.com/mornyx/landing-log-parser/logparser.go:356.2,357.16 2 1
github.com/mornyx/landing-log-parser/logparser.go:360.2,360.39 1 1
github.com/mornyx/landing-log-parser/logparser.go:301.40,303.3 1 0
github.com/mornyx/landing-log-parser/logparser.go:305.16,307.3 1 0
github.com/mornyx/landing-log-parser/logparser.go:308.14,310.7 1 1
github.com/mornyx/landing-log-parser/logparser.go:322.3,322.20 1 1
github.com/mornyx/landing-log-parser/logparser.go:310.7,312.18 2 1
github.com/mornyx/landing-log-parser/logparser.go:315.4,315.16 1 1
github.com/mornyx/landing-log-parser/logparser.go:318.4,318.57 1 1
github.com/mornyx/landing-log-parser/logparser.go:312.18,314.5 1 0
github.com/mornyx/landing-log-parser/logparser.go:315.16,316.10 1 1
github.com/mornyx/landing-log-parser/logparser.go:318.57,320.5 1 0
github.com/mornyx/landing-log-parser/logparser.go:323.8,324.43 1 1
github.com/mornyx/landing-log-parser/logparser.go:324.43,326.4 1 0
github.com/mornyx/landing-log-parser/logparser.go:330.6,332.17 2 1
github.com/mornyx/landing-log-parser/logparser.go:335.3,335.15 1 1
github.com/mornyx/landing-log-parser/logparser.go:338.3,338.28 1 1
github.com/mornyx/landing-log-parser/logparser.go:341.3,341.33 1 1
github.com/mornyx/landing-log-parser/logparser.go:332.17,334.4 1 0
github.com/mornyx/landing-log-parser/logparser.go:335.15,336.9 1 1
github.com/mornyx/landing-log-parser/logparser.go:338.28,340.4 1 0
github.com/mornyx/landing-log-parser/logparser.go:343.6,345.17 2 1
github.com/mornyx/landing-log-parser/logparser.go:348.3,348.15 1 1
github.com/mornyx/landing-log-parser/logparser.go:351.3,351.30 1 1
github.com/mornyx/landing-log-parser/logparser.go:354.3,354.25 1 1
github.com/mornyx/landing-log-parser/logparser.go:345.17,347.4 1 0
github.com/mornyx/landing-log-parser/logparser.go:348.15,349.9 1 1
github.com/mornyx/landing-log-parser/logparser.go:351.30,353.4 1 0
github.com/mornyx/landing-log-parser/logparser.go:357.16,358.13 1 0
github.com/mornyx/landing-log-parser/logparser.go:363.55,364.40 1 1
github.com/mornyx/landing-log-parser/logparser.go:367.2,368.16 2 1
github.com/mornyx/landing-log-parser/logparser.go:371.2,371.40 1 1
github.com/mornyx/landing-log-parser/logparser.go:374.2,374.15 1 1
github.com/mornyx/landing-log-parser/logparser.go:364.40,366.3 1 0
github.com/mornyx/landing-log-parser/logparser.go:368.16,370.3 1 0
github.com/mornyx/landing-log-parser/logparser.go:371.40,373.3 1 0
github.com/mornyx/landing-log-parser/logparser.go:377.58,379.6 2 1
github.com/mornyx/landing-log-parser/logparser.go:379.6,380.41 1 1
github.com/mornyx/landing-log-parser/logparser.go:386.3,387.17 2 1
github.com/mornyx/landing-log-parser/logparser.go:390.3,390.15 1 1
github.com/mornyx/landing-log-parser/logparser.go:396.3,397.17 2 1
github.com/mornyx/landing-log-parser/logparser.go:400.3,400.41 1 1
github.com/mornyx/landing-log-parser/logparser.go:403.3,404.17 2 1
github.com/mornyx/landing-log-parser/logparser.go:407.3,407.41 1 1
github.com/mornyx/landing-log-parser/logparser.go:410.3,413.5 1 1
github.com/mornyx/landing-log-parser/logparser.go:380.41,381.21 1 1
github.com/mornyx/landing-log-parser/logparser.go:384.4,384.19 1 0
github.com/mornyx/landing-log-parser/logparser.go:381.21,383.5 1 1
github.com/mornyx/landing-log-parser/logparser.go:387.17,389.4 1 0
github.com/mornyx/landing-log-parser/logparser.go:390.15,391.44 1 1
github.com/mornyx/landing-log-parser/logparser.go:394.4,394.22 1 1
github.com/mornyx/landing-log-parser/logparser.go:391.44,393.5 1 0
github.com/mornyx/landing-log-parser/logparser.go:397.17,399.4 1 0
github.com/mornyx/landing-log-parser/logparser.go:400.41,402.4 1 0
github.com/mornyx/landing-log-parser/logparser.go:404.17,406.4 1 0
github.com/mornyx/landing-log-parser/logparser.go:407.41,409.4 1 0
github.com/mornyx/landing-log-parser/logparser.go:418.61,420.16 2 1
github.com/mornyx/landing-log-parser/logparser.go:423.2,423.42 1 1
github.com/mornyx/landing-log-parser/logparser.go:426.2,426.14 1 1
github.com/mornyx/landing-log-parser/logparser.go:429.2,430.6 2 1
github.com/mornyx/landing-log-parser/logparser.go:443.2,443.29 1 1
github.com/mornyx/landing-log-parser/logparser.go:420.16,422.3 1 0
github.com/mornyx/landing-log-parser/logparser.go:423.42,425.3 1 0
github.com/mornyx/landing-log-parser/logparser.go:426.14,428.3 1 1
github.com/mornyx/landing-log-parser/logparser.go:430.6,432.17 2 1
github.com/mornyx/landing-log-parser/logparser.go:435.3,435.33 1 1
github.com/mornyx/landing-log-parser/logparser.go:441.3,441.31 1 1
github.com/mornyx/landing-log-parser/logparser.go:432.17,434.4 1 0
github.com/mornyx/landing-log-parser/logparser.go:435.33,436.44 1 1
github.com/mornyx/landing-log-parser/logparser.go:439.4,439.9 1 1
github.com/mornyx/landing-log-parser/logparser.go:436.44,438.5 1 0
github.com/mornyx/landing-log-parser/logparser.go:447.58,451.6 3 1
github.com/mornyx/landing-log-parser/logparser.go:471.2,473.15 3 1
github.com/mornyx/landing-log-parser/logparser.go:451.6,453.17 2 1
github.com/mornyx/landing-log-parser/logparser.go:456.3,457.12 2 1
github.com/mornyx/landing-log-parser/logparser.go:453.17,455.4 1 0
github.com/mornyx/landing-log-parser/logparser.go:458.13,460.18 2 1
github.com/mornyx/landing-log-parser/logparser.go:463.4,463.32 1 1
github.com/mornyx/landing-log-parser/logparser.go:464.12,466.19 2 1
github.com/mornyx/landing-log-parser/logparser.go:460.18,462.5 1 0
github.com/mornyx/landing-log-parser/logparser.go:466.19,467.15 1 1
github.com/mornyx/landing-log-parser/logparser.go:476.37,484.2 1 1
github.com/mornyx/landing-log-parser/logparser.go:486.37,488.2 1 1
github.com/mornyx/landing-log-parser/logparser.go:490.37,497.2 1 1
github.com/mornyx/landing-log-parser/logparser.go:499.39,501.2 1 1
github.com/mornyx/landing-log-parser/logparser.go:503.42,505.2 1 1
